<?xml version="1.0" encoding="UTF-8"?>
<!-- Generated by org.testng.reporters.JUnitReportReporter -->
<testsuite hostname="RISHASHA-W7-1" failures="0" tests="1" name="rish.maven.quickstart.App" time="40.376" errors="0" timestamp="27 Jun 2018 13:02:20 GMT" skipped="0">
  <testcase classname="rish.maven.quickstart.App" name="openApp" time="40.376"/>
</testsuite> <!-- rish.maven.quickstart.App -->
